[debug] [2020-05-15T17:39:11.349Z] ----------------------------------------------------------------------
[debug] [2020-05-15T17:39:11.351Z] Command:       C:\Program Files\nodejs\node.exe C:\Users\cleon\AppData\Roaming\npm\node_modules\firebase-tools\lib\bin\firebase.js serve
[debug] [2020-05-15T17:39:11.351Z] CLI Version:   8.2.0
[debug] [2020-05-15T17:39:11.351Z] Platform:      win32
[debug] [2020-05-15T17:39:11.351Z] Node Version:  v12.16.3
[debug] [2020-05-15T17:39:11.352Z] Time:          Fri May 15 2020 10:39:11 GMT-0700 (Pacific Daylight Time)
[debug] [2020-05-15T17:39:11.352Z] ----------------------------------------------------------------------
[debug] [2020-05-15T17:39:11.352Z] 
[debug] [2020-05-15T17:39:11.357Z] > command requires scopes: ["email","openid","https://www.googleapis.com/auth/cloudplatformprojects.readonly","https://www.googleapis.com/auth/firebase","https://www.googleapis.com/auth/cloud-platform"]
[debug] [2020-05-15T17:39:11.358Z] > authorizing via signed-in user
[debug] [2020-05-15T17:39:11.358Z] [iam] checking project one230k for permissions ["firebase.projects.get"]
[debug] [2020-05-15T17:39:11.360Z] >>> HTTP REQUEST POST https://cloudresourcemanager.googleapis.com/v1/projects/one230k:testIamPermissions  
 {"permissions":["firebase.projects.get"]}
[debug] [2020-05-15T17:39:11.529Z] <<< HTTP RESPONSE 200 {"content-type":"application/json; charset=UTF-8","vary":"X-Origin, Referer, Origin,Accept-Encoding","date":"Fri, 15 May 2020 17:39:11 GMT","server":"ESF","cache-control":"private","x-xss-protection":"0","x-frame-options":"SAMEORIGIN","x-content-type-options":"nosniff","server-timing":"gfet4t7; dur=50","alt-svc":"h3-27=\":443\"; ma=2592000,h3-25=\":443\"; ma=2592000,h3-T050=\":443\"; ma=2592000,h3-Q050=\":443\"; ma=2592000,h3-Q049=\":443\"; ma=2592000,h3-Q048=\":443\"; ma=2592000,h3-Q046=\":443\"; ma=2592000,h3-Q043=\":443\"; ma=2592000,quic=\":443\"; ma=2592000; v=\"46,43\"","accept-ranges":"none","transfer-encoding":"chunked"}
[debug] [2020-05-15T17:39:11.530Z] >>> HTTP REQUEST GET https://firebase.googleapis.com/v1beta1/projects/one230k  
 
[debug] [2020-05-15T17:39:11.711Z] <<< HTTP RESPONSE 200 {"content-type":"application/json; charset=UTF-8","vary":"X-Origin, Referer, Origin,Accept-Encoding","date":"Fri, 15 May 2020 17:39:11 GMT","server":"ESF","cache-control":"private","x-xss-protection":"0","x-frame-options":"SAMEORIGIN","x-content-type-options":"nosniff","alt-svc":"h3-27=\":443\"; ma=2592000,h3-25=\":443\"; ma=2592000,h3-T050=\":443\"; ma=2592000,h3-Q050=\":443\"; ma=2592000,h3-Q049=\":443\"; ma=2592000,h3-Q048=\":443\"; ma=2592000,h3-Q046=\":443\"; ma=2592000,h3-Q043=\":443\"; ma=2592000,quic=\":443\"; ma=2592000; v=\"46,43\"","accept-ranges":"none","transfer-encoding":"chunked"}
[info] 
[info] === Serving from 'C:\Users\cleon\one230k'...
[info] 
[debug] [2020-05-15T17:39:11.713Z] >>> HTTP REQUEST GET https://firebase.googleapis.com/v1beta1/projects/one230k/webApps/-/config  
 
[debug] [2020-05-15T17:39:12.121Z] <<< HTTP RESPONSE 200 {"content-type":"application/json; charset=UTF-8","vary":"X-Origin, Referer, Origin,Accept-Encoding","date":"Fri, 15 May 2020 17:39:12 GMT","server":"ESF","cache-control":"private","x-xss-protection":"0","x-frame-options":"SAMEORIGIN","x-content-type-options":"nosniff","alt-svc":"h3-27=\":443\"; ma=2592000,h3-25=\":443\"; ma=2592000,h3-T050=\":443\"; ma=2592000,h3-Q050=\":443\"; ma=2592000,h3-Q049=\":443\"; ma=2592000,h3-Q048=\":443\"; ma=2592000,h3-Q046=\":443\"; ma=2592000,h3-Q043=\":443\"; ma=2592000,quic=\":443\"; ma=2592000; v=\"46,43\"","accept-ranges":"none","transfer-encoding":"chunked"}
[info] i  hosting: Serving hosting files from: public
[info] +  hosting: Local server: http://localhost:5000
